2022-06-22 17:32:12 INFO  BasePage:71 - 对元素【点击登录】进行点击
2022-06-22 17:32:12 INFO  BasePage:61 - 对元素【输入手机号】进行输入文本【1897469276】
2022-06-22 17:32:13 INFO  BasePage:61 - 对元素【输入密码】进行输入文本【123456】
2022-06-22 17:32:13 INFO  BasePage:71 - 对元素【点击登录】进行点击
2022-06-22 17:32:13 INFO  BasePage:82 - 获取元素【获取登录失败文本】文本【账号或密码不正确】
2022-06-22 17:32:13 INFO  BasePage:54 - 断言：【登录失败提示信息】实际值【账号或密码不正确】期望值【账号或密码不正确xx】
2022-06-22 17:32:31 INFO  BasePage:71 - 对元素【点击登录】进行点击
2022-06-22 17:32:31 INFO  BasePage:61 - 对元素【输入手机号】进行输入文本【1897469276】
2022-06-22 17:32:31 INFO  BasePage:61 - 对元素【输入密码】进行输入文本【123456】
2022-06-22 17:32:31 INFO  BasePage:71 - 对元素【点击登录】进行点击
2022-06-22 17:32:32 INFO  BasePage:82 - 获取元素【获取登录失败文本】文本【账号或密码不正确】
2022-06-22 17:32:32 INFO  BasePage:54 - 断言：【登录失败提示信息】实际值【账号或密码不正确】期望值【账号或密码不正确xx】
2022-06-22 17:32:48 INFO  BasePage:71 - 对元素【点击登录】进行点击
2022-06-22 17:32:48 INFO  BasePage:61 - 对元素【输入手机号】进行输入文本【1897469276】
2022-06-22 17:32:48 INFO  BasePage:61 - 对元素【输入密码】进行输入文本【123456】
2022-06-22 17:32:48 INFO  BasePage:71 - 对元素【点击登录】进行点击
2022-06-22 17:32:49 INFO  BasePage:82 - 获取元素【获取登录失败文本】文本【账号或密码不正确】
2022-06-22 17:32:49 INFO  BasePage:54 - 断言：【登录失败提示信息】实际值【账号或密码不正确】期望值【账号或密码不正确xx】
2022-06-22 17:33:05 INFO  BasePage:71 - 对元素【点击登录】进行点击
2022-06-22 17:33:05 INFO  BasePage:61 - 对元素【输入手机号】进行输入文本【1897469276223】
2022-06-22 17:33:06 INFO  BasePage:61 - 对元素【输入密码】进行输入文本【123456】
2022-06-22 17:33:06 INFO  BasePage:71 - 对元素【点击登录】进行点击
2022-06-22 17:33:06 INFO  BasePage:82 - 获取元素【获取登录失败文本】文本【账号或密码不正确】
2022-06-22 17:33:06 INFO  BasePage:54 - 断言：【登录失败提示信息】实际值【账号或密码不正确】期望值【账号或密码不正确xx】
2022-06-22 17:33:22 INFO  BasePage:71 - 对元素【点击登录】进行点击
2022-06-22 17:33:23 INFO  BasePage:61 - 对元素【输入手机号】进行输入文本【1897469276223】
2022-06-22 17:33:23 INFO  BasePage:61 - 对元素【输入密码】进行输入文本【123456】
2022-06-22 17:33:23 INFO  BasePage:71 - 对元素【点击登录】进行点击
2022-06-22 17:33:24 INFO  BasePage:82 - 获取元素【获取登录失败文本】文本【账号或密码不正确】
2022-06-22 17:33:24 INFO  BasePage:54 - 断言：【登录失败提示信息】实际值【账号或密码不正确】期望值【账号或密码不正确xx】
2022-06-22 17:33:52 INFO  BasePage:71 - 对元素【点击登录】进行点击
2022-06-22 17:33:52 INFO  BasePage:61 - 对元素【输入手机号】进行输入文本【1897469276223】
2022-06-22 17:33:53 INFO  BasePage:61 - 对元素【输入密码】进行输入文本【123456】
2022-06-22 17:33:53 INFO  BasePage:71 - 对元素【点击登录】进行点击
2022-06-22 17:33:53 INFO  BasePage:82 - 获取元素【获取登录失败文本】文本【账号或密码不正确】
2022-06-22 17:33:53 INFO  BasePage:54 - 断言：【登录失败提示信息】实际值【账号或密码不正确】期望值【账号或密码不正确xx】
